<?xml version="1.0" encoding="UTF-8"?>
<testng-results skipped="0" failed="0" ignored="8" total="8" passed="0">
  <reporter-output>
  </reporter-output>
  <suite name="First Test suite" duration-ms="0" started-at="2021-07-31T22:28:33 IST" finished-at="2021-07-31T22:28:33 IST">
    <groups>
    </groups>
    <test name="First Test" duration-ms="0" started-at="2021-07-31T22:28:33 IST" finished-at="2021-07-31T22:28:33 IST">
      <class name="selenium.TestNGTest">
        <test-method status="PASS" signature="method4()[pri:0, instance:selenium.TestNGTest@2758fe70]" name="method4" is-config="true" duration-ms="16" started-at="2021-07-31T22:28:33 IST" finished-at="2021-07-31T22:28:33 IST">
          <reporter-output>
          </reporter-output>
        </test-method> <!-- method4 -->
        <test-method status="PASS" signature="launchBrowser()[pri:0, instance:selenium.TestNGTest@2758fe70]" name="launchBrowser" is-config="true" duration-ms="0" started-at="2021-07-31T22:28:33 IST" finished-at="2021-07-31T22:28:33 IST">
          <reporter-output>
          </reporter-output>
        </test-method> <!-- launchBrowser -->
        <test-method status="PASS" signature="method2()[pri:0, instance:selenium.TestNGTest@2758fe70]" name="method2" is-config="true" duration-ms="0" started-at="2021-07-31T22:28:33 IST" finished-at="2021-07-31T22:28:33 IST">
          <reporter-output>
          </reporter-output>
        </test-method> <!-- method2 -->
      </class> <!-- selenium.TestNGTest -->
    </test> <!-- First Test -->
  </suite> <!-- First Test suite -->
</testng-results>
