<?xml version="1.0" encoding="UTF-8"?>
<!-- Generated by org.testng.reporters.JUnitXMLReporter -->
<testsuite hostname="GH-5F1R9Y2" ignored="8" tests="0" failures="0" timestamp="2021-07-31T22:28:33 IST" time="0.0" errors="0">
  <testcase name="test" time="0.0" classname="selenium.TestNGTest">
    <ignored/>
  </testcase> <!-- test -->
  <testcase name="test3" time="0.0" classname="selenium.TestNGTest">
    <ignored/>
  </testcase> <!-- test3 -->
  <testcase name="method3" time="0.0" classname="selenium.TestNGTest">
    <ignored/>
  </testcase> <!-- method3 -->
  <testcase name="netest1" time="0.0" classname="selenium.TestNGTest">
    <ignored/>
  </testcase> <!-- netest1 -->
  <testcase name="netest11" time="0.0" classname="selenium.TestNGTest">
    <ignored/>
  </testcase> <!-- netest11 -->
  <testcase name="testa" time="0.0" classname="selenium.TestNGTest">
    <ignored/>
  </testcase> <!-- testa -->
  <testcase name="usingDatProvider" time="0.0" classname="selenium.TestNGTest">
    <ignored/>
  </testcase> <!-- usingDatProvider -->
  <testcase name="softAssertionTest" time="0.0" classname="selenium.TestNGTest">
    <ignored/>
  </testcase> <!-- softAssertionTest -->
</testsuite>
